Determining if the Q_WS_WIN exist failed with the following output:
Change Dir: /home/jordi/TradingLab/tldbinit/build/CMakeFiles/CMakeTmp

Run Build Command:/usr/bin/gmake "cmTryCompileExec383147910/fast"
gmake[1]: Entering directory `/home/jordi/TradingLab/tldbinit/build/CMakeFiles/CMakeTmp'
/usr/bin/gmake -f CMakeFiles/cmTryCompileExec383147910.dir/build.make CMakeFiles/cmTryCompileExec383147910.dir/build
gmake[2]: Entering directory `/home/jordi/TradingLab/tldbinit/build/CMakeFiles/CMakeTmp'
/usr/bin/cmake -E cmake_progress_report /home/jordi/TradingLab/tldbinit/build/CMakeFiles/CMakeTmp/CMakeFiles 1
Building C object CMakeFiles/cmTryCompileExec383147910.dir/CheckSymbolExists.c.o
/usr/bin/cc    -o CMakeFiles/cmTryCompileExec383147910.dir/CheckSymbolExists.c.o   -c /home/jordi/TradingLab/tldbinit/build/CMakeFiles/CMakeTmp/CheckSymbolExists.c
/home/jordi/TradingLab/tldbinit/build/CMakeFiles/CMakeTmp/CheckSymbolExists.c: In function ‘main’:
/home/jordi/TradingLab/tldbinit/build/CMakeFiles/CMakeTmp/CheckSymbolExists.c:8:19: error: ‘Q_WS_WIN’ undeclared (first use in this function)
   return ((int*)(&Q_WS_WIN))[argc];
                   ^
/home/jordi/TradingLab/tldbinit/build/CMakeFiles/CMakeTmp/CheckSymbolExists.c:8:19: note: each undeclared identifier is reported only once for each function it appears in
gmake[2]: *** [CMakeFiles/cmTryCompileExec383147910.dir/CheckSymbolExists.c.o] Error 1
gmake[2]: Leaving directory `/home/jordi/TradingLab/tldbinit/build/CMakeFiles/CMakeTmp'
gmake[1]: *** [cmTryCompileExec383147910/fast] Error 2
gmake[1]: Leaving directory `/home/jordi/TradingLab/tldbinit/build/CMakeFiles/CMakeTmp'

File /home/jordi/TradingLab/tldbinit/build/CMakeFiles/CMakeTmp/CheckSymbolExists.c:
/* */
#include <QtCore/qglobal.h>

int main(int argc, char** argv)
{
  (void)argv;
#ifndef Q_WS_WIN
  return ((int*)(&Q_WS_WIN))[argc];
#else
  (void)argc;
  return 0;
#endif
}

Determining if the Q_WS_QWS exist failed with the following output:
Change Dir: /home/jordi/TradingLab/tldbinit/build/CMakeFiles/CMakeTmp

Run Build Command:/usr/bin/gmake "cmTryCompileExec1977176132/fast"
gmake[1]: Entering directory `/home/jordi/TradingLab/tldbinit/build/CMakeFiles/CMakeTmp'
/usr/bin/gmake -f CMakeFiles/cmTryCompileExec1977176132.dir/build.make CMakeFiles/cmTryCompileExec1977176132.dir/build
gmake[2]: Entering directory `/home/jordi/TradingLab/tldbinit/build/CMakeFiles/CMakeTmp'
/usr/bin/cmake -E cmake_progress_report /home/jordi/TradingLab/tldbinit/build/CMakeFiles/CMakeTmp/CMakeFiles 1
Building C object CMakeFiles/cmTryCompileExec1977176132.dir/CheckSymbolExists.c.o
/usr/bin/cc    -o CMakeFiles/cmTryCompileExec1977176132.dir/CheckSymbolExists.c.o   -c /home/jordi/TradingLab/tldbinit/build/CMakeFiles/CMakeTmp/CheckSymbolExists.c
/home/jordi/TradingLab/tldbinit/build/CMakeFiles/CMakeTmp/CheckSymbolExists.c: In function ‘main’:
/home/jordi/TradingLab/tldbinit/build/CMakeFiles/CMakeTmp/CheckSymbolExists.c:8:19: error: ‘Q_WS_QWS’ undeclared (first use in this function)
   return ((int*)(&Q_WS_QWS))[argc];
                   ^
/home/jordi/TradingLab/tldbinit/build/CMakeFiles/CMakeTmp/CheckSymbolExists.c:8:19: note: each undeclared identifier is reported only once for each function it appears in
gmake[2]: *** [CMakeFiles/cmTryCompileExec1977176132.dir/CheckSymbolExists.c.o] Error 1
gmake[2]: Leaving directory `/home/jordi/TradingLab/tldbinit/build/CMakeFiles/CMakeTmp'
gmake[1]: *** [cmTryCompileExec1977176132/fast] Error 2
gmake[1]: Leaving directory `/home/jordi/TradingLab/tldbinit/build/CMakeFiles/CMakeTmp'

File /home/jordi/TradingLab/tldbinit/build/CMakeFiles/CMakeTmp/CheckSymbolExists.c:
/* */
#include <QtCore/qglobal.h>

int main(int argc, char** argv)
{
  (void)argv;
#ifndef Q_WS_QWS
  return ((int*)(&Q_WS_QWS))[argc];
#else
  (void)argc;
  return 0;
#endif
}

Determining if the Q_WS_MAC exist failed with the following output:
Change Dir: /home/jordi/TradingLab/tldbinit/build/CMakeFiles/CMakeTmp

Run Build Command:/usr/bin/gmake "cmTryCompileExec1037946276/fast"
gmake[1]: Entering directory `/home/jordi/TradingLab/tldbinit/build/CMakeFiles/CMakeTmp'
/usr/bin/gmake -f CMakeFiles/cmTryCompileExec1037946276.dir/build.make CMakeFiles/cmTryCompileExec1037946276.dir/build
gmake[2]: Entering directory `/home/jordi/TradingLab/tldbinit/build/CMakeFiles/CMakeTmp'
/usr/bin/cmake -E cmake_progress_report /home/jordi/TradingLab/tldbinit/build/CMakeFiles/CMakeTmp/CMakeFiles 1
Building C object CMakeFiles/cmTryCompileExec1037946276.dir/CheckSymbolExists.c.o
/usr/bin/cc    -o CMakeFiles/cmTryCompileExec1037946276.dir/CheckSymbolExists.c.o   -c /home/jordi/TradingLab/tldbinit/build/CMakeFiles/CMakeTmp/CheckSymbolExists.c
/home/jordi/TradingLab/tldbinit/build/CMakeFiles/CMakeTmp/CheckSymbolExists.c: In function ‘main’:
/home/jordi/TradingLab/tldbinit/build/CMakeFiles/CMakeTmp/CheckSymbolExists.c:8:19: error: ‘Q_WS_MAC’ undeclared (first use in this function)
   return ((int*)(&Q_WS_MAC))[argc];
                   ^
/home/jordi/TradingLab/tldbinit/build/CMakeFiles/CMakeTmp/CheckSymbolExists.c:8:19: note: each undeclared identifier is reported only once for each function it appears in
gmake[2]: *** [CMakeFiles/cmTryCompileExec1037946276.dir/CheckSymbolExists.c.o] Error 1
gmake[2]: Leaving directory `/home/jordi/TradingLab/tldbinit/build/CMakeFiles/CMakeTmp'
gmake[1]: *** [cmTryCompileExec1037946276/fast] Error 2
gmake[1]: Leaving directory `/home/jordi/TradingLab/tldbinit/build/CMakeFiles/CMakeTmp'

File /home/jordi/TradingLab/tldbinit/build/CMakeFiles/CMakeTmp/CheckSymbolExists.c:
/* */
#include <QtCore/qglobal.h>

int main(int argc, char** argv)
{
  (void)argv;
#ifndef Q_WS_MAC
  return ((int*)(&Q_WS_MAC))[argc];
#else
  (void)argc;
  return 0;
#endif
}

Determining if the pthread_create exist failed with the following output:
Change Dir: /home/jordi/TradingLab/tldbinit/build/CMakeFiles/CMakeTmp

Run Build Command:/usr/bin/gmake "cmTryCompileExec683505462/fast"
gmake[1]: Entering directory `/home/jordi/TradingLab/tldbinit/build/CMakeFiles/CMakeTmp'
/usr/bin/gmake -f CMakeFiles/cmTryCompileExec683505462.dir/build.make CMakeFiles/cmTryCompileExec683505462.dir/build
gmake[2]: Entering directory `/home/jordi/TradingLab/tldbinit/build/CMakeFiles/CMakeTmp'
/usr/bin/cmake -E cmake_progress_report /home/jordi/TradingLab/tldbinit/build/CMakeFiles/CMakeTmp/CMakeFiles 1
Building C object CMakeFiles/cmTryCompileExec683505462.dir/CheckSymbolExists.c.o
/usr/bin/cc    -o CMakeFiles/cmTryCompileExec683505462.dir/CheckSymbolExists.c.o   -c /home/jordi/TradingLab/tldbinit/build/CMakeFiles/CMakeTmp/CheckSymbolExists.c
Linking C executable cmTryCompileExec683505462
/usr/bin/cmake -E cmake_link_script CMakeFiles/cmTryCompileExec683505462.dir/link.txt --verbose=1
/usr/bin/cc         CMakeFiles/cmTryCompileExec683505462.dir/CheckSymbolExists.c.o  -o cmTryCompileExec683505462 -rdynamic 
CMakeFiles/cmTryCompileExec683505462.dir/CheckSymbolExists.c.o: In function `main':
CheckSymbolExists.c:(.text+0x16): undefined reference to `pthread_create'
collect2: error: ld returned 1 exit status
gmake[2]: *** [cmTryCompileExec683505462] Error 1
gmake[2]: Leaving directory `/home/jordi/TradingLab/tldbinit/build/CMakeFiles/CMakeTmp'
gmake[1]: *** [cmTryCompileExec683505462/fast] Error 2
gmake[1]: Leaving directory `/home/jordi/TradingLab/tldbinit/build/CMakeFiles/CMakeTmp'

File /home/jordi/TradingLab/tldbinit/build/CMakeFiles/CMakeTmp/CheckSymbolExists.c:
/* */
#include <pthread.h>

int main(int argc, char** argv)
{
  (void)argv;
#ifndef pthread_create
  return ((int*)(&pthread_create))[argc];
#else
  (void)argc;
  return 0;
#endif
}

Determining if the function pthread_create exists in the pthreads failed with the following output:
Change Dir: /home/jordi/TradingLab/tldbinit/build/CMakeFiles/CMakeTmp

Run Build Command:/usr/bin/gmake "cmTryCompileExec3756870288/fast"
gmake[1]: Entering directory `/home/jordi/TradingLab/tldbinit/build/CMakeFiles/CMakeTmp'
/usr/bin/gmake -f CMakeFiles/cmTryCompileExec3756870288.dir/build.make CMakeFiles/cmTryCompileExec3756870288.dir/build
gmake[2]: Entering directory `/home/jordi/TradingLab/tldbinit/build/CMakeFiles/CMakeTmp'
/usr/bin/cmake -E cmake_progress_report /home/jordi/TradingLab/tldbinit/build/CMakeFiles/CMakeTmp/CMakeFiles 1
Building C object CMakeFiles/cmTryCompileExec3756870288.dir/CheckFunctionExists.c.o
/usr/bin/cc   -DCHECK_FUNCTION_EXISTS=pthread_create   -o CMakeFiles/cmTryCompileExec3756870288.dir/CheckFunctionExists.c.o   -c /usr/share/cmake/Modules/CheckFunctionExists.c
Linking C executable cmTryCompileExec3756870288
/usr/bin/cmake -E cmake_link_script CMakeFiles/cmTryCompileExec3756870288.dir/link.txt --verbose=1
/usr/bin/cc     -DCHECK_FUNCTION_EXISTS=pthread_create    CMakeFiles/cmTryCompileExec3756870288.dir/CheckFunctionExists.c.o  -o cmTryCompileExec3756870288 -rdynamic -lpthreads 
/usr/lib64/gcc/x86_64-suse-linux/4.8/../../../../x86_64-suse-linux/bin/ld: cannot find -lpthreads
collect2: error: ld returned 1 exit status
gmake[2]: *** [cmTryCompileExec3756870288] Error 1
gmake[2]: Leaving directory `/home/jordi/TradingLab/tldbinit/build/CMakeFiles/CMakeTmp'
gmake[1]: Leaving directory `/home/jordi/TradingLab/tldbinit/build/CMakeFiles/CMakeTmp'
gmake[1]: *** [cmTryCompileExec3756870288/fast] Error 2


